<?xml version="1.0" encoding="UTF-8"?>
<!-- Generated by org.testng.reporters.JUnitReportReporter -->
<testsuite hostname="Acer_qa_aspire" failures="0" tests="3" name="TestRunner.TagsTestRunner" time="4.124" errors="0" timestamp="2024-01-15T12:39:31 IST" skipped="0">
  <testcase classname="TestRunner.TagsTestRunner" name="runScenario" time="0.020"/>
  <system-out/>
  <testcase classname="TestRunner.TagsTestRunner" name="runScenario" time="0.018"/>
  <system-out/>
  <testcase classname="TestRunner.TagsTestRunner" name="runScenario" time="4.086"/>
  <system-out/>
</testsuite> <!-- TestRunner.TagsTestRunner -->
